Using pre-set license
Built from '2020.3/china_unity/release' branch; Version is '2020.3.4f1c1 (3d27070cb163) revision 4007687'; Using compiler version '192528614'; Build Type 'Release'
OS: 'Windows 10 Pro; OS build 19042.928; Version 2009; 64bit' Language: 'zh' Physical Memory: 8043 MB
BatchMode: 1, IsHumanControllingUs: 0, StartBugReporterOnCrash: 0, Is64bit: 1, IsPro: 0

 COMMAND LINE ARGUMENTS:
D:\unity1\2020.3.4f1c1\Editor\Unity.exe
-adb2
-batchMode
-noUpm
-name
AssetImportWorker0
-projectPath
D:/unityproject/project001
-logFile
Logs/AssetImportWorker0.log
-srvPort
65527
Successfully changed project path to: D:/unityproject/project001
D:/unityproject/project001
Using Asset Import Pipeline V2.
Refreshing native plugins compatible for Editor in 100.37 ms, found 1 plugins.
Preloading 0 native plugins for Editor in 0.00 ms.
Initialize engine version: 2020.3.4f1c1 (3d27070cb163)
[Subsystems] Discovering subsystems at path D:/unity1/2020.3.4f1c1/Editor/Data/Resources/UnitySubsystems
[Subsystems] Discovering subsystems at path D:/unityproject/project001/Assets
GfxDevice: creating device client; threaded=0
Direct3D:
    Version:  Direct3D 11.0 [level 11.1]
    Renderer: NVIDIA GeForce GTX 1050 Ti (ID=0x1c8c)
    Vendor:   
    VRAM:     4018 MB
    Driver:   27.21.14.5167
Initialize mono
Mono path[0] = 'D:/unity1/2020.3.4f1c1/Editor/Data/Managed'
Mono path[1] = 'D:/unity1/2020.3.4f1c1/Editor/Data/MonoBleedingEdge/lib/mono/unityjit'
Mono config path = 'D:/unity1/2020.3.4f1c1/Editor/Data/MonoBleedingEdge/etc'
Using monoOptions --debugger-agent=transport=dt_socket,embedding=1,server=y,suspend=n,address=127.0.0.1:56852
Begin MonoManager ReloadAssembly
Registering precompiled unity dll's ...
Register platform support module: D:/unity1/2020.3.4f1c1/Editor/Data/PlaybackEngines/WindowsStandaloneSupport/UnityEditor.WindowsStandalone.Extensions.dll
Registered in 0.001906 seconds.
Native extension for WindowsStandalone target not found
Refreshing native plugins compatible for Editor in 96.49 ms, found 1 plugins.
Preloading 0 native plugins for Editor in 0.00 ms.
Mono: successfully reloaded assembly
- Completed reload, in  3.544 seconds
Platform modules already initialized, skipping
Registering precompiled user dll's ...
Registered in 0.001595 seconds.
Begin MonoManager ReloadAssembly
Native extension for WindowsStandalone target not found
Refreshing native plugins compatible for Editor in 118.99 ms, found 1 plugins.
Preloading 0 native plugins for Editor in 0.00 ms.
Mono: successfully reloaded assembly
- Completed reload, in  2.730 seconds
Platform modules already initialized, skipping
========================================================================
Worker process is ready to serve import requests
Launched and connected shader compiler UnityShaderCompiler.exe after 0.15 seconds
Refreshing native plugins compatible for Editor in 0.50 ms, found 1 plugins.
Preloading 0 native plugins for Editor in 0.00 ms.
Unloading 1809 Unused Serialized files (Serialized files now loaded: 0)
System memory in use before: 87.2 MB.
System memory in use after: 87.3 MB.

Unloading 19 unused Assets to reduce memory usage. Loaded Objects now: 2256.
Total: 4.234000 ms (FindLiveObjects: 0.378100 ms CreateObjectMapping: 0.150800 ms MarkObjects: 3.608300 ms  DeleteObjects: 0.093900 ms)

========================================================================
Received Import Request.
  path: Assets/Sprites/_Character/char_enemy_alienSlug.png
  artifactKey: Guid(361e1e5d552ad444fb688b5203c01caa) Importer(815301076,1909f56bfc062723c751e8b465ee728b)
Start importing Assets/Sprites/_Character/char_enemy_alienSlug.png using Guid(361e1e5d552ad444fb688b5203c01caa) Importer(815301076,1909f56bfc062723c751e8b465ee728b)  -> (artifact id: '53cd29350e7fee2b82845a44fd6aba3c') in 0.586730 seconds
  Import took 0.593735 seconds .

========================================================================
Received Import Request.
  Time since last request: 1373.203917 seconds.
  path: Assets/scripts/PlayerContrl.cs
  artifactKey: Guid(8863c1684fa4eaf428ce0caa6b78c809) Importer(815301076,1909f56bfc062723c751e8b465ee728b)
Start importing Assets/scripts/PlayerContrl.cs using Guid(8863c1684fa4eaf428ce0caa6b78c809) Importer(815301076,1909f56bfc062723c751e8b465ee728b)  -> (artifact id: 'a1ca1d2932475589d81dfded29077cc9') in 0.011808 seconds
  Import took 0.085261 seconds .

========================================================================
Received Prepare
Registering precompiled user dll's ...
Registered in 0.001091 seconds.
Begin MonoManager ReloadAssembly
Native extension for WindowsStandalone target not found
Refreshing native plugins compatible for Editor in 0.66 ms, found 1 plugins.
Preloading 0 native plugins for Editor in 0.00 ms.
Mono: successfully reloaded assembly
- Completed reload, in  1.535 seconds
Platform modules already initialized, skipping
Refreshing native plugins compatible for Editor in 0.51 ms, found 1 plugins.
Preloading 0 native plugins for Editor in 0.00 ms.
Unloading 1799 Unused Serialized files (Serialized files now loaded: 0)
System memory in use before: 89.8 MB.
System memory in use after: 89.9 MB.

Unloading 7 unused Assets to reduce memory usage. Loaded Objects now: 2273.
Total: 5.049800 ms (FindLiveObjects: 0.540600 ms CreateObjectMapping: 0.149400 ms MarkObjects: 4.318400 ms  DeleteObjects: 0.038800 ms)

========================================================================
Received Prepare
Registering precompiled user dll's ...
Registered in 0.001160 seconds.
Begin MonoManager ReloadAssembly
Native extension for WindowsStandalone target not found
Refreshing native plugins compatible for Editor in 0.57 ms, found 1 plugins.
Preloading 0 native plugins for Editor in 0.00 ms.
Mono: successfully reloaded assembly
- Completed reload, in  1.751 seconds
Platform modules already initialized, skipping
Refreshing native plugins compatible for Editor in 0.53 ms, found 1 plugins.
Preloading 0 native plugins for Editor in 0.00 ms.
Unloading 1799 Unused Serialized files (Serialized files now loaded: 0)
System memory in use before: 89.8 MB.
System memory in use after: 89.9 MB.

Unloading 7 unused Assets to reduce memory usage. Loaded Objects now: 2277.
Total: 4.389800 ms (FindLiveObjects: 0.667100 ms CreateObjectMapping: 0.140600 ms MarkObjects: 3.551200 ms  DeleteObjects: 0.025600 ms)

========================================================================
Received Prepare
Registering precompiled user dll's ...
Registered in 0.001558 seconds.
Begin MonoManager ReloadAssembly
Native extension for WindowsStandalone target not found
Refreshing native plugins compatible for Editor in 0.45 ms, found 1 plugins.
Preloading 0 native plugins for Editor in 0.00 ms.
Mono: successfully reloaded assembly
- Completed reload, in  1.311 seconds
Platform modules already initialized, skipping
Refreshing native plugins compatible for Editor in 0.45 ms, found 1 plugins.
Preloading 0 native plugins for Editor in 0.00 ms.
Unloading 1799 Unused Serialized files (Serialized files now loaded: 0)
System memory in use before: 89.8 MB.
System memory in use after: 90.0 MB.

Unloading 7 unused Assets to reduce memory usage. Loaded Objects now: 2281.
Total: 3.085800 ms (FindLiveObjects: 0.397800 ms CreateObjectMapping: 0.153300 ms MarkObjects: 2.507500 ms  DeleteObjects: 0.023000 ms)

========================================================================
Received Prepare
Registering precompiled user dll's ...
Registered in 0.001045 seconds.
Begin MonoManager ReloadAssembly
Native extension for WindowsStandalone target not found
Refreshing native plugins compatible for Editor in 0.45 ms, found 1 plugins.
Preloading 0 native plugins for Editor in 0.00 ms.
Mono: successfully reloaded assembly
- Completed reload, in  1.690 seconds
Platform modules already initialized, skipping
Refreshing native plugins compatible for Editor in 0.77 ms, found 1 plugins.
Preloading 0 native plugins for Editor in 0.00 ms.
Unloading 1799 Unused Serialized files (Serialized files now loaded: 0)
System memory in use before: 89.9 MB.
System memory in use after: 90.0 MB.

Unloading 7 unused Assets to reduce memory usage. Loaded Objects now: 2285.
Total: 3.486300 ms (FindLiveObjects: 0.498000 ms CreateObjectMapping: 0.213700 ms MarkObjects: 2.750400 ms  DeleteObjects: 0.022200 ms)

========================================================================
Received Prepare
Registering precompiled user dll's ...
Registered in 0.038292 seconds.
Begin MonoManager ReloadAssembly
Native extension for WindowsStandalone target not found
Refreshing native plugins compatible for Editor in 9.25 ms, found 1 plugins.
Preloading 0 native plugins for Editor in 0.00 ms.
Mono: successfully reloaded assembly
- Completed reload, in  3.715 seconds
Platform modules already initialized, skipping
Refreshing native plugins compatible for Editor in 0.71 ms, found 1 plugins.
Preloading 0 native plugins for Editor in 0.00 ms.
Unloading 1799 Unused Serialized files (Serialized files now loaded: 0)
System memory in use before: 89.9 MB.
System memory in use after: 90.0 MB.

Unloading 7 unused Assets to reduce memory usage. Loaded Objects now: 2289.
Total: 6.478900 ms (FindLiveObjects: 0.567200 ms CreateObjectMapping: 0.382100 ms MarkObjects: 5.475800 ms  DeleteObjects: 0.050800 ms)

========================================================================
Received Import Request.
  Time since last request: 245.530275 seconds.
  path: Assets/scripts/PlayerContrl.cs
  artifactKey: Guid(8863c1684fa4eaf428ce0caa6b78c809) Importer(815301076,1909f56bfc062723c751e8b465ee728b)
Start importing Assets/scripts/PlayerContrl.cs using Guid(8863c1684fa4eaf428ce0caa6b78c809) Importer(815301076,1909f56bfc062723c751e8b465ee728b)  -> (artifact id: 'aab1f05461c1254c8b5c777095516d1b') in 0.007383 seconds
  Import took 0.188999 seconds .

========================================================================
Received Prepare
Registering precompiled user dll's ...
Registered in 0.001122 seconds.
Begin MonoManager ReloadAssembly
Native extension for WindowsStandalone target not found
Refreshing native plugins compatible for Editor in 0.45 ms, found 1 plugins.
Preloading 0 native plugins for Editor in 0.00 ms.
Mono: successfully reloaded assembly
- Completed reload, in  2.096 seconds
Platform modules already initialized, skipping
Refreshing native plugins compatible for Editor in 0.48 ms, found 1 plugins.
Preloading 0 native plugins for Editor in 0.00 ms.
Unloading 1799 Unused Serialized files (Serialized files now loaded: 0)
System memory in use before: 89.9 MB.
System memory in use after: 90.0 MB.

Unloading 7 unused Assets to reduce memory usage. Loaded Objects now: 2293.
Total: 3.975900 ms (FindLiveObjects: 0.448100 ms CreateObjectMapping: 0.228900 ms MarkObjects: 3.271500 ms  DeleteObjects: 0.025700 ms)

========================================================================
Received Prepare
Registering precompiled user dll's ...
Registered in 0.001074 seconds.
Begin MonoManager ReloadAssembly
Native extension for WindowsStandalone target not found
Refreshing native plugins compatible for Editor in 0.56 ms, found 1 plugins.
Preloading 0 native plugins for Editor in 0.00 ms.
Mono: successfully reloaded assembly
- Completed reload, in  1.864 seconds
Platform modules already initialized, skipping
Refreshing native plugins compatible for Editor in 0.69 ms, found 1 plugins.
Preloading 0 native plugins for Editor in 0.00 ms.
Unloading 1799 Unused Serialized files (Serialized files now loaded: 0)
System memory in use before: 89.9 MB.
System memory in use after: 90.0 MB.

Unloading 7 unused Assets to reduce memory usage. Loaded Objects now: 2297.
Total: 3.331900 ms (FindLiveObjects: 0.357500 ms CreateObjectMapping: 0.172700 ms MarkObjects: 2.774900 ms  DeleteObjects: 0.024400 ms)

========================================================================
Received Import Request.
  Time since last request: 1148.077683 seconds.
  path: Assets/scripts/PlayerContrl.cs
  artifactKey: Guid(8863c1684fa4eaf428ce0caa6b78c809) Importer(815301076,1909f56bfc062723c751e8b465ee728b)
Start importing Assets/scripts/PlayerContrl.cs using Guid(8863c1684fa4eaf428ce0caa6b78c809) Importer(815301076,1909f56bfc062723c751e8b465ee728b)  -> (artifact id: 'b22834fec6eaf0d98116db4adba10695') in 0.009093 seconds
  Import took 0.136696 seconds .

========================================================================
Received Prepare
Registering precompiled user dll's ...
Registered in 0.001100 seconds.
Begin MonoManager ReloadAssembly
Native extension for WindowsStandalone target not found
Refreshing native plugins compatible for Editor in 0.80 ms, found 1 plugins.
Preloading 0 native plugins for Editor in 0.00 ms.
Mono: successfully reloaded assembly
- Completed reload, in  1.696 seconds
Platform modules already initialized, skipping
Refreshing native plugins compatible for Editor in 0.57 ms, found 1 plugins.
Preloading 0 native plugins for Editor in 0.00 ms.
Unloading 1799 Unused Serialized files (Serialized files now loaded: 0)
System memory in use before: 89.9 MB.
System memory in use after: 90.0 MB.

Unloading 7 unused Assets to reduce memory usage. Loaded Objects now: 2301.
Total: 5.455600 ms (FindLiveObjects: 0.862800 ms CreateObjectMapping: 0.244000 ms MarkObjects: 4.320800 ms  DeleteObjects: 0.024600 ms)

========================================================================
Received Import Request.
  Time since last request: 127.395822 seconds.
  path: Assets/scripts/PlayerContrl.cs
  artifactKey: Guid(8863c1684fa4eaf428ce0caa6b78c809) Importer(815301076,1909f56bfc062723c751e8b465ee728b)
Start importing Assets/scripts/PlayerContrl.cs using Guid(8863c1684fa4eaf428ce0caa6b78c809) Importer(815301076,1909f56bfc062723c751e8b465ee728b)  -> (artifact id: '85b6290b1c55c9ac5c25b63a63929d17') in 0.010875 seconds
  Import took 0.060062 seconds .

========================================================================
Received Prepare
Registering precompiled user dll's ...
Registered in 0.001171 seconds.
Begin MonoManager ReloadAssembly
Native extension for WindowsStandalone target not found
Refreshing native plugins compatible for Editor in 0.63 ms, found 1 plugins.
Preloading 0 native plugins for Editor in 0.00 ms.
Mono: successfully reloaded assembly
- Completed reload, in  1.905 seconds
Platform modules already initialized, skipping
Refreshing native plugins compatible for Editor in 0.71 ms, found 1 plugins.
Preloading 0 native plugins for Editor in 0.00 ms.
Unloading 1799 Unused Serialized files (Serialized files now loaded: 0)
System memory in use before: 89.9 MB.
System memory in use after: 90.0 MB.

Unloading 7 unused Assets to reduce memory usage. Loaded Objects now: 2305.
Total: 4.699800 ms (FindLiveObjects: 0.389000 ms CreateObjectMapping: 0.205200 ms MarkObjects: 4.066200 ms  DeleteObjects: 0.035800 ms)

========================================================================
Received Prepare
Registering precompiled user dll's ...
Registered in 0.001063 seconds.
Begin MonoManager ReloadAssembly
Native extension for WindowsStandalone target not found
Refreshing native plugins compatible for Editor in 1.29 ms, found 1 plugins.
Preloading 0 native plugins for Editor in 0.00 ms.
Mono: successfully reloaded assembly
- Completed reload, in  1.855 seconds
Platform modules already initialized, skipping
Refreshing native plugins compatible for Editor in 0.98 ms, found 1 plugins.
Preloading 0 native plugins for Editor in 0.00 ms.
Unloading 1799 Unused Serialized files (Serialized files now loaded: 0)
System memory in use before: 89.9 MB.
System memory in use after: 90.0 MB.

Unloading 7 unused Assets to reduce memory usage. Loaded Objects now: 2309.
Total: 5.305700 ms (FindLiveObjects: 0.592200 ms CreateObjectMapping: 0.272000 ms MarkObjects: 4.402500 ms  DeleteObjects: 0.036100 ms)

========================================================================
Received Import Request.
  Time since last request: 64.498712 seconds.
  path: Assets/scripts/PlayerContrl.cs
  artifactKey: Guid(8863c1684fa4eaf428ce0caa6b78c809) Importer(815301076,1909f56bfc062723c751e8b465ee728b)
Start importing Assets/scripts/PlayerContrl.cs using Guid(8863c1684fa4eaf428ce0caa6b78c809) Importer(815301076,1909f56bfc062723c751e8b465ee728b)  -> (artifact id: '1c78f6438b178cbfeebd94ee1e508172') in 0.005971 seconds
  Import took 0.128796 seconds .

========================================================================
Received Prepare
Registering precompiled user dll's ...
Registered in 0.002661 seconds.
Begin MonoManager ReloadAssembly
Native extension for WindowsStandalone target not found
Refreshing native plugins compatible for Editor in 0.78 ms, found 1 plugins.
Preloading 0 native plugins for Editor in 0.00 ms.
Mono: successfully reloaded assembly
- Completed reload, in  1.770 seconds
Platform modules already initialized, skipping
Refreshing native plugins compatible for Editor in 1.21 ms, found 1 plugins.
Preloading 0 native plugins for Editor in 0.00 ms.
Unloading 1799 Unused Serialized files (Serialized files now loaded: 0)
System memory in use before: 89.9 MB.
System memory in use after: 90.0 MB.

Unloading 7 unused Assets to reduce memory usage. Loaded Objects now: 2313.
Total: 6.663000 ms (FindLiveObjects: 0.996500 ms CreateObjectMapping: 0.650100 ms MarkObjects: 4.983000 ms  DeleteObjects: 0.029300 ms)

========================================================================
Received Prepare
Registering precompiled user dll's ...
Registered in 0.001556 seconds.
Begin MonoManager ReloadAssembly
Native extension for WindowsStandalone target not found
Refreshing native plugins compatible for Editor in 0.62 ms, found 1 plugins.
Preloading 0 native plugins for Editor in 0.00 ms.
Mono: successfully reloaded assembly
- Completed reload, in  1.959 seconds
Platform modules already initialized, skipping
Refreshing native plugins compatible for Editor in 0.58 ms, found 1 plugins.
Preloading 0 native plugins for Editor in 0.00 ms.
Unloading 1799 Unused Serialized files (Serialized files now loaded: 0)
System memory in use before: 89.9 MB.
System memory in use after: 90.1 MB.

Unloading 7 unused Assets to reduce memory usage. Loaded Objects now: 2317.
Total: 4.099100 ms (FindLiveObjects: 0.500500 ms CreateObjectMapping: 0.235800 ms MarkObjects: 3.318800 ms  DeleteObjects: 0.042000 ms)

========================================================================
Received Import Request.
  Time since last request: 2010.357840 seconds.
  path: Assets/scripts/PlayerContrl.cs
  artifactKey: Guid(8863c1684fa4eaf428ce0caa6b78c809) Importer(815301076,1909f56bfc062723c751e8b465ee728b)
Start importing Assets/scripts/PlayerContrl.cs using Guid(8863c1684fa4eaf428ce0caa6b78c809) Importer(815301076,1909f56bfc062723c751e8b465ee728b)  -> (artifact id: '22daa56f87a3a863d8f0a9ed4a929008') in 0.010348 seconds
  Import took 0.050104 seconds .

AssetImportWorkerClient::OnTransportError - code=2 error=End of file
